<?xml version="1.0" encoding="UTF-8"?>
<!-- Generated by org.testng.reporters.JUnitReportReporter -->
<testsuite hostname="Admin-PC" failures="0" tests="5" name="mainframepackage.MainworkcreationClass" time="44.839" errors="0" timestamp="2023-06-27T14:31:24 IST" skipped="1">
  <testcase classname="mainframepackage.MainworkcreationClass" name="BrowserLaunch" time="14.946"/>
  <system-out/>
  <testcase classname="mainframepackage.MainworkcreationClass" name="Login" time="5.282"/>
  <system-out/>
  <testcase classname="mainframepackage.MainworkcreationClass" name="CandidateRegistration" time="16.358"/>
  <system-out/>
  <testcase classname="mainframepackage.MainworkcreationClass" name="ResumeUpload" time="8.253"/>
  <system-out/>
  <testcase classname="mainframepackage.MainworkcreationClass" name="CandidateSource">
    <skipped/>
  </testcase> <!-- CandidateSource -->
  <system-out/>
</testsuite> <!-- mainframepackage.MainworkcreationClass -->
