<?xml version="1.0" encoding="UTF-8"?>
<!-- Generated by org.testng.reporters.JUnitReportReporter -->
<testsuite hostname="Admin-PC" failures="0" tests="1" name="mainframepackage.DataDrivenClass$ExcelDataProviderTest" time="0.000" errors="0" timestamp="2023-06-27T16:28:26 IST" skipped="1">
  <testcase classname="mainframepackage.DataDrivenClass$ExcelDataProviderTest" name="exampleTest" time="0.000">
    <skipped/>
  </testcase> <!-- exampleTest -->
  <system-out/>
</testsuite> <!-- mainframepackage.DataDrivenClass$ExcelDataProviderTest -->
