<?xml version="1.0" encoding="UTF-8"?>
<!-- Generated by org.testng.reporters.JUnitReportReporter -->
<testsuite hostname="Admin-PC" failures="0" tests="5" name="mainframepackage.MainworkcreationClass" time="28.977" errors="0" timestamp="2023-06-28T11:23:20 IST" skipped="1">
  <testcase classname="mainframepackage.MainworkcreationClass" name="BrowserLaunch" time="6.235"/>
  <system-out/>
  <testcase classname="mainframepackage.MainworkcreationClass" name="Login" time="2.553"/>
  <system-out/>
  <testcase classname="mainframepackage.MainworkcreationClass" name="CandidateRegistration" time="12.791"/>
  <system-out/>
  <testcase classname="mainframepackage.MainworkcreationClass" name="ResumeUpload" time="7.398"/>
  <system-out/>
  <testcase classname="mainframepackage.MainworkcreationClass" name="CandidateSource">
    <skipped/>
  </testcase> <!-- CandidateSource -->
  <system-out/>
</testsuite> <!-- mainframepackage.MainworkcreationClass -->
